<?xml version="1.0" encoding="UTF-8"?>
<testng-results ignored="0" total="1" passed="1" failed="0" skipped="0">
  <reporter-output>
  </reporter-output>
  <suite started-at="2023-10-14T10:27:54 IST" name="Default suite" finished-at="2023-10-14T10:28:09 IST" duration-ms="15471">
    <groups>
    </groups>
    <test started-at="2023-10-14T10:27:54 IST" name="Default test" finished-at="2023-10-14T10:28:09 IST" duration-ms="15471">
      <class name="Oct11.MouseHovering">
        <test-method is-config="true" signature="setUp()[pri:0, instance:Oct11.MouseHovering@36060e]" started-at="2023-10-14T10:27:54 IST" name="setUp" finished-at="2023-10-14T10:27:59 IST" duration-ms="5302" status="PASS">
          <reporter-output>
          </reporter-output>
        </test-method> <!-- setUp -->
        <test-method signature="mouseHoverTest()[pri:0, instance:Oct11.MouseHovering@36060e]" started-at="2023-10-14T10:27:59 IST" name="mouseHoverTest" finished-at="2023-10-14T10:28:09 IST" duration-ms="9756" status="PASS">
          <reporter-output>
          </reporter-output>
        </test-method> <!-- mouseHoverTest -->
        <test-method is-config="true" signature="teardown()[pri:0, instance:Oct11.MouseHovering@36060e]" started-at="2023-10-14T10:28:09 IST" name="teardown" finished-at="2023-10-14T10:28:09 IST" duration-ms="353" status="PASS">
          <reporter-output>
          </reporter-output>
        </test-method> <!-- teardown -->
      </class> <!-- Oct11.MouseHovering -->
    </test> <!-- Default test -->
  </suite> <!-- Default suite -->
</testng-results>
